Compiling the C compiler identification source file "CMakeCCompilerId.c" failed.
Compiler:  
Build flags: 
Id flags: 

The output was:
1
Microsoft (R) Build Engine version 14.0.25420.1
Copyright (C) Microsoft Corporation. All rights reserved.

Build started 04/10/2016 16:57:24.
Project "C:\Users\u93483\Desktop\StudentVersion\build2015\CMakeFiles\3.6.2\CompilerIdC\CompilerIdC.vcxproj" on node 1 (default targets).
PrepareForBuild:
  Creating directory "Debug\".
  Creating directory "Debug\CompilerIdC.tlog\".
C:\Program Files (x86)\MSBuild\Microsoft.Cpp\v4.0\V140\Microsoft.CppBuild.targets(312,5): error MSB3491: Could not write lines to file "Debug\CompilerIdC.tlog\CompilerIdC.lastbuildstate". The process cannot access the file 'C:\Users\u93483\Desktop\StudentVersion\build2015\CMakeFiles\3.6.2\CompilerIdC\Debug\CompilerIdC.tlog\CompilerIdC.lastbuildstate' because it is being used by another process. [C:\Users\u93483\Desktop\StudentVersion\build2015\CMakeFiles\3.6.2\CompilerIdC\CompilerIdC.vcxproj]
Done Building Project "C:\Users\u93483\Desktop\StudentVersion\build2015\CMakeFiles\3.6.2\CompilerIdC\CompilerIdC.vcxproj" (default targets) -- FAILED.

Build FAILED.

"C:\Users\u93483\Desktop\StudentVersion\build2015\CMakeFiles\3.6.2\CompilerIdC\CompilerIdC.vcxproj" (default target) (1) ->
(InitializeBuildStatus target) -> 
  C:\Program Files (x86)\MSBuild\Microsoft.Cpp\v4.0\V140\Microsoft.CppBuild.targets(312,5): error MSB3491: Could not write lines to file "Debug\CompilerIdC.tlog\CompilerIdC.lastbuildstate". The process cannot access the file 'C:\Users\u93483\Desktop\StudentVersion\build2015\CMakeFiles\3.6.2\CompilerIdC\Debug\CompilerIdC.tlog\CompilerIdC.lastbuildstate' because it is being used by another process. [C:\Users\u93483\Desktop\StudentVersion\build2015\CMakeFiles\3.6.2\CompilerIdC\CompilerIdC.vcxproj]

    0 Warning(s)
    1 Error(s)

Time Elapsed 00:00:09.18


